============================= test session starts ==============================
platform darwin -- Python 3.10.11, pytest-9.0.2, pluggy-1.6.0
rootdir: /Volumes/PivotNorth/Shopping Agent
plugins: asyncio-1.3.0, anyio-3.7.1, cov-7.0.0
asyncio: mode=strict, debug=False, asyncio_default_fixture_loop_scope=None, asyncio_default_test_loop_scope=function
DEBUG: DATABASE_URL starts with: postgresql+asyn...
collected 60 items

apps/backend/tests/test_affiliate.py .......                             [ 11%]
apps/backend/tests/test_auth_session_user_id.py .                        [ 13%]
apps/backend/tests/test_clickout_redirect.py ...                         [ 18%]
apps/backend/tests/test_dependencies.py ........                         [ 31%]
apps/backend/tests/test_e2e_mint_endpoint.py .                           [ 33%]
apps/backend/tests/test_likes.py .                                       [ 35%]
apps/backend/tests/test_migrations_search_architecture_v2.py ..          [ 38%]
apps/backend/tests/test_project_hierarchy.py .                           [ 40%]
apps/backend/tests/test_provider_adapters.py ..                          [ 43%]
apps/backend/tests/test_rows_authorization.py ........                   [ 56%]
apps/backend/tests/test_rows_search.py ....                              [ 63%]
apps/backend/tests/test_rows_search_intent.py F                          [ 65%]
apps/backend/tests/test_security_utils.py ...........                    [ 83%]
apps/backend/tests/test_sourcing_models.py ....                          [ 90%]
apps/backend/tests/test_sourcing_utils.py ......                         [100%]

=================================== FAILURES ===================================
__________ test_search_persists_search_intent_and_provider_query_map ___________

client = <httpx.AsyncClient object at 0x126307be0>
session = <sqlalchemy.orm.session.AsyncSession object at 0x1262e73d0>

    @pytest.mark.asyncio
    async def test_search_persists_search_intent_and_provider_query_map(
        client: AsyncClient, session: AsyncSession
    ):
        user = User(email="intent@example.com")
        session.add(user)
        await session.commit()
        await session.refresh(user)
    
        token = "intent-token"
        auth_session = AuthSession(
            email=user.email,
            user_id=user.id,
            session_token_hash=hash_token(token),
            revoked_at=None,
        )
        session.add(auth_session)
        await session.commit()
    
        row = Row(user_id=user.id, title="Running shoes", status="sourcing")
        session.add(row)
        await session.commit()
        await session.refresh(row)
    
        intent_payload = {
            "product_category": "running_shoes",
            "taxonomy_version": "1.0",
            "keywords": ["running", "shoes"],
            "max_price": 80,
        }
        provider_query_map = {
            "queries": {
                "rainforest": {"provider_id": "rainforest", "query": "running shoes"}
            }
        }
    
        with patch("routes.rows_search.get_sourcing_repo") as mock_repo:
            mock_search = AsyncMock(
                return_value=SearchResultWithStatus(results=[], provider_statuses=[], all_providers_failed=False)
            )
            mock_repo.return_value.search_all_with_status = mock_search
    
            response = await client.post(
                f"/rows/{row.id}/search",
                json={
                    "query": "running shoes",
                    "search_intent": intent_payload,
                    "provider_query_map": provider_query_map,
                },
                headers={"authorization": f"Bearer {token}"},
            )
    
        assert response.status_code == 200
    
        persisted = await session.get(Row, row.id)
        assert persisted is not None
>       assert json.loads(persisted.search_intent or "{}") == intent_payload
E       AssertionError: assert {'brand': Non...ce': 0.0, ...} == {'keywords': ...rsion': '1.0'}
E         
E         Omitting 4 identical items, use -vv to show
E         Left contains 11 more items:
E         {'brand': None,
E          'category_path': [],
E          'condition': None,
E          'confidence': 0.0,...
E         
E         ...Full output truncated (8 lines hidden), use '-vv' to show

apps/backend/tests/test_rows_search_intent.py:67: AssertionError
----------------------------- Captured stdout call -----------------------------
[CLERK] No verification method available
=============================== warnings summary ===============================
../../../Library/Frameworks/Python.framework/Versions/3.10/lib/python3.10/site-packages/starlette/formparsers.py:10
  /Library/Frameworks/Python.framework/Versions/3.10/lib/python3.10/site-packages/starlette/formparsers.py:10: PendingDeprecationWarning: Please use `import python_multipart` instead.
    import multipart

apps/backend/main.py:210
  /Volumes/PivotNorth/Shopping Agent/apps/backend/main.py:210: DeprecationWarning: 
          on_event is deprecated, use lifespan event handlers instead.
  
          Read more about it in the
          [FastAPI docs for Lifespan Events](https://fastapi.tiangolo.com/advanced/events/).
          
    @app.on_event("startup")

../../../Library/Frameworks/Python.framework/Versions/3.10/lib/python3.10/site-packages/fastapi/applications.py:4547
../../../Library/Frameworks/Python.framework/Versions/3.10/lib/python3.10/site-packages/fastapi/applications.py:4547
  /Library/Frameworks/Python.framework/Versions/3.10/lib/python3.10/site-packages/fastapi/applications.py:4547: DeprecationWarning: 
          on_event is deprecated, use lifespan event handlers instead.
  
          Read more about it in the
          [FastAPI docs for Lifespan Events](https://fastapi.tiangolo.com/advanced/events/).
          
    return self.router.on_event(event_type)

apps/backend/main.py:221
  /Volumes/PivotNorth/Shopping Agent/apps/backend/main.py:221: DeprecationWarning: 
          on_event is deprecated, use lifespan event handlers instead.
  
          Read more about it in the
          [FastAPI docs for Lifespan Events](https://fastapi.tiangolo.com/advanced/events/).
          
    @app.on_event("shutdown")

apps/backend/tests/test_rows_authorization.py::test_provider_query_persists_on_row
apps/backend/tests/test_rows_authorization.py::test_regenerate_choice_factors_repopulates_on_patch
apps/backend/tests/test_rows_authorization.py::test_regenerate_choice_factors_repopulates_on_patch
  /Volumes/PivotNorth/Shopping Agent/apps/backend/routes/rows.py:258: PydanticDeprecatedSince20: The `dict` method is deprecated; use `model_dump` instead. Deprecated in Pydantic V2.0 to be removed in V3.0. See Pydantic V2 Migration Guide at https://errors.pydantic.dev/2.12/migration/
    row_data = row_update.dict(exclude_unset=True)

-- Docs: https://docs.pytest.org/en/stable/how-to/capture-warnings.html
=========================== short test summary info ============================
FAILED apps/backend/tests/test_rows_search_intent.py::test_search_persists_search_intent_and_provider_query_map
================== 1 failed, 59 passed, 8 warnings in 25.05s ===================
