============================= test session starts ==============================
platform darwin -- Python 3.11.3, pytest-9.0.2, pluggy-1.6.0
rootdir: /Volumes/PivotNorth/Shopping Agent/apps/backend
configfile: pyproject.toml
plugins: anyio-4.12.1, asyncio-1.3.0, cov-7.0.0
asyncio: mode=Mode.STRICT, debug=False, asyncio_default_fixture_loop_scope=None, asyncio_default_test_loop_scope=function
collected 10 items

tests/test_affiliate.py .......                                          [ 70%]
tests/test_auth_session_user_id.py .                                     [ 80%]
tests/test_e2e_mint_endpoint.py .                                        [ 90%]
tests/test_rows_authorization.py F                                       [100%]

=================================== FAILURES ===================================
___________________________ test_rows_authorization ____________________________

client = <httpx.AsyncClient object at 0x11b43dad0>
session = <sqlalchemy.orm.session.AsyncSession object at 0x11b430f90>

    @pytest.mark.asyncio
    async def test_rows_authorization(client: AsyncClient, session):
        # Setup: Create two users (A and B) and sessions
        user_a_email = "user_a@example.com"
        user_b_email = "user_b@example.com"
    
        # Create Users
        user_a = User(email=user_a_email)
        user_b = User(email=user_b_email)
        session.add(user_a)
        session.add(user_b)
        await session.commit()
        await session.refresh(user_a)
        await session.refresh(user_b)
    
        # Create Sessions
        token_a = "token_a_123"
        token_b = "token_b_456"
    
        session_a = AuthSession(email=user_a_email, user_id=user_a.id, session_token_hash=hash_token(token_a))
        session_b = AuthSession(email=user_b_email, user_id=user_b.id, session_token_hash=hash_token(token_b))
        session.add(session_a)
        session.add(session_b)
        await session.commit()
    
        headers_a = {"Authorization": f"Bearer {token_a}"}
        headers_b = {"Authorization": f"Bearer {token_b}"}
    
        # 1. Verify Unauthenticated Access is Blocked
        resp = await client.get("/rows")
        assert resp.status_code == 401
    
        # 2. User A creates a row
        row_data = {
            "title": "User A Row",
            "status": "sourcing",
            "currency": "USD",
            "request_spec": {
                "item_name": "User A Item",
                "constraints": "{}"
            }
        }
        resp = await client.post("/rows", json=row_data, headers=headers_a)
        assert resp.status_code == 200
        created_row = resp.json()
        row_id_a = created_row["id"]
        assert created_row["title"] == "User A Row"
    
        # Verify DB ownership
        db_row = await session.get(Row, row_id_a)
>       assert db_row.user_id == user_a.id
E       AssertionError: assert 3 == 7
E        +  where 3 = Row(budget_max=None, currency='USD', updated_at=datetime.datetime(2026, 1, 23, 6, 10, 20, 838793), id=3, title='User A...ng', created_at=datetime.datetime(2026, 1, 23, 6, 10, 20, 838784), choice_factors=None, choice_answers=None, user_id=3).user_id
E        +  and   7 = User(id=7, email='user_a@example.com', phone_number=None, clerk_user_id=None, created_at=datetime.datetime(2026, 1, 23, 6, 10, 20, 756594), is_admin=False).id

tests/test_rows_authorization.py:63: AssertionError
----------------------------- Captured stdout call -----------------------------
[CLERK] No verification method available
=============================== warnings summary ===============================
main.py:1438
  /Volumes/PivotNorth/Shopping Agent/apps/backend/main.py:1438: DeprecationWarning: 
          on_event is deprecated, use lifespan event handlers instead.
  
          Read more about it in the
          [FastAPI docs for Lifespan Events](https://fastapi.tiangolo.com/advanced/events/).
          
    @app.on_event("startup")

.venv/lib/python3.11/site-packages/fastapi/applications.py:4576
.venv/lib/python3.11/site-packages/fastapi/applications.py:4576
  /Volumes/PivotNorth/Shopping Agent/apps/backend/.venv/lib/python3.11/site-packages/fastapi/applications.py:4576: DeprecationWarning: 
          on_event is deprecated, use lifespan event handlers instead.
  
          Read more about it in the
          [FastAPI docs for Lifespan Events](https://fastapi.tiangolo.com/advanced/events/).
          
    return self.router.on_event(event_type)

main.py:1450
  /Volumes/PivotNorth/Shopping Agent/apps/backend/main.py:1450: DeprecationWarning: 
          on_event is deprecated, use lifespan event handlers instead.
  
          Read more about it in the
          [FastAPI docs for Lifespan Events](https://fastapi.tiangolo.com/advanced/events/).
          
    @app.on_event("shutdown")

-- Docs: https://docs.pytest.org/en/stable/how-to/capture-warnings.html
=========================== short test summary info ============================
FAILED tests/test_rows_authorization.py::test_rows_authorization - AssertionE...
=================== 1 failed, 9 passed, 4 warnings in 0.48s ====================
